


2024-07-21 23:15:44
================ Hyperparameters ===============
anormly_ratio: 0.5
batch_size: 128
d_model: 256
data_path: UCR
dataset: UCR
devices: 0,1,2,3
e_layers: 3
gpu: 0
index: 1
input_c: 1
k: 3
loss_fuc: MSE
lr: 0.0001
mode: train
model_save_path: checkpoints
n_heads: 1
num_epochs: 3
output_c: 1
patch_size: [3, 5, 7]
rec_timeseries: True
use_gpu: False
use_multi_gpu: True
win_size: 105
====================  Train  ===================
train: (35000, 1)
test: (44795, 1)
	speed: 0.8062s/iter; left time: 578.0364s
	speed: 0.6697s/iter; left time: 413.1799s
Epoch: 1, Cost time: 440.521s 
	speed: 3.7274s/iter; left time: 1658.6865s
	speed: 0.6737s/iter; left time: 232.4130s
Epoch: 2, Cost time: 437.527s 
	speed: 3.7043s/iter; left time: 640.8369s
	speed: 0.6674s/iter; left time: 48.7222s
Epoch: 3, Cost time: 438.013s 
